2025-02-03 19:15:53,856 - INFO -  CSV file '../data/telegram_messages.csv' loaded successfully.
2025-02-03 19:15:57,686 - INFO -  Duplicates removed from dataset.
2025-02-03 19:15:57,693 - INFO -  Date column formatted to datetime.
2025-02-03 19:15:57,695 - INFO -  Missing values filled.
2025-02-03 19:15:57,697 - INFO -  Text columns standardized.
2025-02-03 19:15:57,700 - INFO -  Data cleaning completed successfully.
2025-02-03 19:16:21,500 - INFO -  Cleaned data saved successfully to '../data/cleaned_telegram_data.csv'.
2025-02-03 20:22:39,709 - INFO -  CSV file '../data/telegram_messages.csv' loaded successfully.
2025-02-03 20:22:42,484 - ERROR -  Data cleaning error: Index(['message_id'], dtype='object')
2025-02-03 20:23:44,423 - ERROR -  Data cleaning error: Index(['message_id'], dtype='object')
2025-02-03 20:23:59,946 - INFO -  CSV file '../data/telegram_messages.csv' loaded successfully.
2025-02-03 20:24:03,285 - INFO -  Duplicates removed from dataset.
2025-02-03 20:24:03,294 - INFO -  Date column formatted to datetime.
2025-02-03 20:24:03,298 - INFO -  Missing values filled.
2025-02-03 20:24:03,302 - INFO -  Text columns standardized.
2025-02-03 20:24:03,307 - INFO -  Data cleaning completed successfully.
2025-02-03 20:24:25,748 - INFO -  Cleaned data saved successfully to '../data/cleaned_telegram_data.csv'.
2025-02-03 20:24:40,767 - INFO -  CSV file '../data/telegram_messages.csv' loaded successfully.
2025-02-03 20:24:40,911 - INFO -  Duplicates removed from dataset.
2025-02-03 20:24:40,918 - INFO -  Date column formatted to datetime.
2025-02-03 20:24:40,925 - INFO -  Missing values filled.
2025-02-03 20:24:40,931 - INFO -  Text columns standardized.
2025-02-03 20:24:40,935 - INFO -  Data cleaning completed successfully.
2025-02-03 20:24:41,264 - INFO -  Cleaned data saved successfully to '../data/cleaned_telegram_data.csv'.
2025-02-03 20:24:57,049 - INFO -  CSV file '../data/telegram_messages.csv' loaded successfully.
2025-02-03 20:25:26,780 - INFO -  Duplicates removed from dataset.
2025-02-03 20:25:26,796 - INFO -  Date column formatted to datetime.
2025-02-03 20:25:26,801 - INFO -  Missing values filled.
2025-02-03 20:25:26,809 - INFO -  Text columns standardized.
2025-02-03 20:25:26,813 - INFO -  Data cleaning completed successfully.
2025-02-03 20:45:33,549 - INFO -  CSV file '../data/telegram_messages.csv' loaded successfully.
2025-02-03 20:46:03,273 - INFO -  Date column formatted to datetime.
2025-02-03 20:46:03,273 - INFO -  Missing values filled.
2025-02-03 20:46:03,289 - INFO -  Text columns standardized.
2025-02-03 20:46:03,305 - INFO -  Data cleaning completed successfully.
2025-02-03 20:46:36,176 - INFO -  Cleaned data saved successfully to '../data/cleaned_telegram_data.csv'.
2025-02-03 21:01:09,513 - INFO -  CSV file '../data/telegram_messages.csv' loaded successfully.
2025-02-03 21:01:14,127 - INFO -  Date column formatted to datetime.
2025-02-03 21:01:14,127 - INFO -  Missing values filled.
2025-02-03 21:01:14,127 - INFO -  Text columns standardized.
2025-02-03 21:01:14,146 - INFO -  Data cleaning completed successfully.
2025-02-03 21:01:23,828 - INFO -  Cleaned data saved successfully to '../data/cleaned_telegram_data.csv'.
2025-02-03 21:09:05,459 - ERROR -  Database connection failed: No module named 'psycopg2'
2025-02-03 21:10:37,076 - INFO -  Successfully connected to the PostgreSQL database.
2025-02-03 21:10:40,504 - INFO -  Table 'telegram_messages' created successfully.
2025-02-03 21:12:02,689 - INFO - Inserting: 15271 - 2025-02-03 14:57:15+00:00
2025-02-03 21:13:15,129 - INFO - Inserting: 15271 - 2025-02-03 14:57:15+00:00
2025-02-03 21:13:15,136 - INFO - Inserting: 15270 - 2025-02-03 13:49:39+00:00
2025-02-03 21:13:15,138 - INFO - Inserting: 15269 - 2025-02-03 13:49:39+00:00
2025-02-03 21:13:15,140 - INFO - Inserting: 15268 - 2025-02-03 13:35:38+00:00
2025-02-03 21:13:15,142 - INFO - Inserting: 15267 - 2025-02-03 13:17:53+00:00
2025-02-03 21:13:15,144 - INFO - Inserting: 15266 - 2025-02-03 13:17:53+00:00
2025-02-03 21:13:15,144 - INFO - Inserting: 15265 - 2025-02-03 04:25:31+00:00
2025-02-03 21:13:15,151 - INFO - Inserting: 15264 - 2025-02-03 04:25:31+00:00
2025-02-03 21:13:15,153 - INFO - Inserting: 15263 - 2025-02-03 04:25:31+00:00
2025-02-03 21:13:15,154 - INFO - Inserting: 15262 - 2025-02-03 04:25:31+00:00
2025-02-03 21:13:15,156 - INFO - Inserting: 15261 - 2025-02-03 04:25:31+00:00
2025-02-03 21:13:15,159 - INFO - Inserting: 15260 - 2025-02-03 04:25:31+00:00
2025-02-03 21:13:15,161 - INFO - Inserting: 15259 - 2025-02-03 04:25:31+00:00
2025-02-03 21:13:15,163 - INFO - Inserting: 15258 - 2025-02-03 04:25:31+00:00
2025-02-03 21:13:15,165 - INFO - Inserting: 15257 - 2025-02-02 08:39:40+00:00
2025-02-03 21:13:15,168 - INFO - Inserting: 15256 - 2025-02-02 08:39:40+00:00
2025-02-03 21:13:15,170 - INFO - Inserting: 15255 - 2025-02-02 08:39:40+00:00
2025-02-03 21:13:15,174 - INFO - Inserting: 15254 - 2025-02-02 08:39:40+00:00
2025-02-03 21:13:15,177 - INFO - Inserting: 15253 - 2025-02-02 08:39:40+00:00
2025-02-03 21:13:15,177 - INFO - Inserting: 15252 - 2025-02-02 08:39:40+00:00
2025-02-03 21:13:15,177 - INFO - Inserting: 15251 - 2025-02-02 08:39:40+00:00
2025-02-03 21:13:15,177 - INFO - Inserting: 15250 - 2025-02-02 08:39:40+00:00
2025-02-03 21:13:15,177 - INFO - Inserting: 15249 - 2025-02-02 08:39:39+00:00
2025-02-03 21:13:15,194 - INFO - Inserting: 15248 - 2025-02-02 08:39:39+00:00
2025-02-03 21:13:15,198 - INFO - Inserting: 15247 - 2025-02-02 08:39:39+00:00
2025-02-03 21:13:15,202 - INFO - Inserting: 15246 - 2025-02-02 08:39:39+00:00
2025-02-03 21:13:15,208 - INFO - Inserting: 15245 - 2025-02-02 08:39:39+00:00
2025-02-03 21:13:15,219 - INFO - Inserting: 15244 - 2025-02-02 08:39:39+00:00
2025-02-03 21:13:15,222 - INFO - Inserting: 15243 - 2025-02-02 08:39:39+00:00
2025-02-03 21:13:15,229 - INFO - Inserting: 15242 - 2025-02-02 08:39:39+00:00
2025-02-03 21:13:15,229 - INFO - Inserting: 15241 - 2025-02-01 12:21:27+00:00
2025-02-03 21:13:15,229 - INFO - Inserting: 15240 - 2025-02-01 12:21:27+00:00
2025-02-03 21:13:15,240 - INFO - Inserting: 15239 - 2025-02-01 12:21:27+00:00
2025-02-03 21:13:15,262 - INFO - Inserting: 15238 - 2025-02-01 12:21:27+00:00
2025-02-03 21:13:15,266 - INFO - Inserting: 15237 - 2025-02-01 12:21:27+00:00
2025-02-03 21:13:15,266 - INFO - Inserting: 15236 - 2025-02-01 12:21:27+00:00
2025-02-03 21:13:15,266 - INFO - Inserting: 15235 - 2025-02-01 06:06:33+00:00
2025-02-03 21:13:15,275 - INFO - Inserting: 15234 - 2025-02-01 06:06:33+00:00
2025-02-03 21:13:15,282 - INFO - Inserting: 15233 - 2025-02-01 06:06:33+00:00
2025-02-03 21:13:15,282 - INFO - Inserting: 15232 - 2025-02-01 06:06:33+00:00
2025-02-03 21:13:15,282 - INFO - Inserting: 15231 - 2025-02-01 06:06:33+00:00
2025-02-03 21:13:15,282 - INFO - Inserting: 15230 - 2025-02-01 06:06:33+00:00
2025-02-03 21:13:15,295 - INFO - Inserting: 15229 - 2025-02-01 06:06:33+00:00
2025-02-03 21:13:15,295 - INFO - Inserting: 15228 - 2025-02-01 06:06:33+00:00
2025-02-03 21:13:15,295 - INFO - Inserting: 15227 - 2025-02-01 06:06:33+00:00
2025-02-03 21:13:15,308 - INFO - Inserting: 15226 - 2025-02-01 06:06:33+00:00
2025-02-03 21:13:15,314 - INFO - Inserting: 15225 - 2025-02-01 06:06:33+00:00
2025-02-03 21:13:15,317 - INFO - Inserting: 15224 - 2025-02-01 06:06:33+00:00
2025-02-03 21:13:15,317 - INFO - Inserting: 15223 - 2025-02-01 06:06:33+00:00
2025-02-03 21:13:15,317 - INFO - Inserting: 15222 - 2025-02-01 06:06:33+00:00
2025-02-03 21:13:15,323 - INFO - Inserting: 97 - 2023-02-10 12:23:06+00:00
2025-02-03 21:13:15,328 - INFO - Inserting: 96 - 2023-02-02 08:58:52+00:00
2025-02-03 21:13:15,328 - INFO - Inserting: 95 - 2023-02-01 08:59:37+00:00
2025-02-03 21:13:15,328 - INFO - Inserting: 94 - 2023-01-31 09:19:53+00:00
2025-02-03 21:13:15,328 - INFO - Inserting: 93 - 2023-01-30 09:45:25+00:00
2025-02-03 21:13:15,345 - INFO - Inserting: 92 - 2023-01-27 07:18:40+00:00
2025-02-03 21:13:15,349 - INFO - Inserting: 91 - 2023-01-26 18:27:53+00:00
2025-02-03 21:13:15,356 - INFO - Inserting: 90 - 2023-01-23 10:39:20+00:00
2025-02-03 21:13:15,362 - INFO - Inserting: 89 - 2023-01-17 19:10:57+00:00
2025-02-03 21:13:15,366 - INFO - Inserting: 88 - 2023-01-17 08:43:12+00:00
2025-02-03 21:13:15,367 - INFO - Inserting: 87 - 2023-01-16 13:41:35+00:00
2025-02-03 21:13:15,375 - INFO - Inserting: 86 - 2023-01-16 10:13:42+00:00
2025-02-03 21:13:15,378 - INFO - Inserting: 85 - 2023-01-16 09:26:09+00:00
2025-02-03 21:13:15,381 - INFO - Inserting: 82 - 2023-01-13 12:48:47+00:00
2025-02-03 21:13:15,382 - INFO - Inserting: 81 - 2023-01-13 09:44:14+00:00
2025-02-03 21:13:15,382 - INFO - Inserting: 80 - 2023-01-06 16:06:21+00:00
2025-02-03 21:13:15,382 - INFO - Inserting: 79 - 2023-01-06 09:31:17+00:00
2025-02-03 21:13:15,391 - INFO - Inserting: 78 - 2023-01-06 06:05:01+00:00
2025-02-03 21:13:15,393 - INFO - Inserting: 77 - 2023-01-04 05:58:02+00:00
2025-02-03 21:13:15,393 - INFO - Inserting: 76 - 2023-01-03 17:49:48+00:00
2025-02-03 21:13:15,393 - INFO - Inserting: 75 - 2023-01-03 05:48:34+00:00
2025-02-03 21:13:15,393 - INFO - Inserting: 74 - 2023-01-02 07:02:55+00:00
2025-02-03 21:13:15,393 - INFO - Inserting: 73 - 2023-01-02 06:58:48+00:00
2025-02-03 21:13:15,393 - INFO - Inserting: 71 - 2022-12-30 15:45:35+00:00
2025-02-03 21:13:15,393 - INFO - Inserting: 70 - 2022-12-28 17:02:08+00:00
2025-02-03 21:13:15,393 - INFO - Inserting: 67 - 2022-12-28 06:31:50+00:00
2025-02-03 21:13:15,407 - INFO - Inserting: 64 - 2022-12-27 17:06:32+00:00
2025-02-03 21:13:15,411 - INFO - Inserting: 62 - 2022-12-25 15:46:05+00:00
2025-02-03 21:13:15,411 - INFO - Inserting: 60 - 2022-12-23 06:26:15+00:00
2025-02-03 21:13:15,411 - INFO - Inserting: 59 - 2022-12-22 06:40:25+00:00
2025-02-03 21:13:15,411 - INFO - Inserting: 58 - 2022-12-22 03:11:26+00:00
2025-02-03 21:13:15,411 - INFO - Inserting: 57 - 2022-12-21 15:13:27+00:00
2025-02-03 21:13:15,411 - INFO - Inserting: 56 - 2022-12-20 17:25:05+00:00
2025-02-03 21:13:15,423 - INFO - Inserting: 55 - 2022-12-20 11:28:59+00:00
2025-02-03 21:13:15,426 - INFO - Inserting: 53 - 2022-12-20 07:41:33+00:00
2025-02-03 21:13:15,427 - INFO - Inserting: 52 - 2022-12-16 12:21:01+00:00
2025-02-03 21:13:15,427 - INFO - Inserting: 51 - 2022-12-15 06:16:41+00:00
2025-02-03 21:13:15,427 - INFO - Inserting: 50 - 2022-12-13 05:55:18+00:00
2025-02-03 21:13:15,427 - INFO - Inserting: 49 - 2022-12-09 12:28:53+00:00
2025-02-03 21:13:15,427 - INFO - Inserting: 48 - 2022-12-09 04:09:49+00:00
2025-02-03 21:13:15,427 - INFO - Inserting: 46 - 2022-12-07 06:43:48+00:00
2025-02-03 21:13:15,427 - INFO - Inserting: 45 - 2022-12-05 05:57:22+00:00
2025-02-03 21:13:15,427 - INFO - Inserting: 44 - 2022-12-04 12:35:18+00:00
2025-02-03 21:13:15,443 - INFO - Inserting: 43 - 2022-12-02 13:44:41+00:00
2025-02-03 21:13:15,443 - INFO - Inserting: 41 - 2022-12-02 06:06:12+00:00
2025-02-03 21:13:15,443 - INFO - Inserting: 40 - 2022-12-01 06:47:22+00:00
2025-02-03 21:13:15,443 - INFO - Inserting: 39 - 2022-11-30 06:31:44+00:00
2025-02-03 21:13:15,443 - INFO - Inserting: 38 - 2022-11-29 07:43:06+00:00
2025-02-03 21:13:15,443 - INFO - Inserting: 34 - 2022-11-22 08:15:47+00:00
2025-02-03 21:13:15,443 - INFO - Inserting: 33 - 2022-11-15 11:51:16+00:00
2025-02-03 21:13:15,443 - INFO - Inserting: 864 - 2023-12-18 17:04:02+00:00
2025-02-03 21:13:15,443 - INFO - Inserting: 863 - 2023-11-03 16:14:39+00:00
2025-02-03 21:13:15,459 - INFO - Inserting: 862 - 2023-10-02 16:37:39+00:00
2025-02-03 21:13:15,462 - INFO - Inserting: 861 - 2023-09-16 07:54:32+00:00
2025-02-03 21:13:15,462 - INFO - Inserting: 860 - 2023-09-01 16:16:15+00:00
2025-02-03 21:13:15,462 - INFO - Inserting: 859 - 2023-08-29 17:20:05+00:00
2025-02-03 21:13:15,462 - INFO - Inserting: 848 - 2022-08-02 17:42:08+00:00
2025-02-03 21:13:15,462 - INFO - Inserting: 847 - 2022-06-12 17:15:47+00:00
2025-02-03 21:13:15,462 - INFO - Inserting: 846 - 2022-05-31 17:51:13+00:00
2025-02-03 21:13:15,462 - INFO - Inserting: 845 - 2022-05-20 18:04:53+00:00
2025-02-03 21:13:15,475 - INFO - Inserting: 844 - 2022-05-15 15:59:10+00:00
2025-02-03 21:13:15,477 - INFO - Inserting: 843 - 2022-05-07 18:22:14+00:00
2025-02-03 21:13:15,479 - INFO - Inserting: 842 - 2022-05-06 17:51:05+00:00
2025-02-03 21:13:15,480 - INFO - Inserting: 841 - 2022-05-06 17:51:05+00:00
2025-02-03 21:13:15,480 - INFO - Inserting: 840 - 2022-05-06 17:51:05+00:00
2025-02-03 21:13:15,480 - INFO - Inserting: 839 - 2022-05-06 17:51:05+00:00
2025-02-03 21:13:15,480 - INFO - Inserting: 836 - 2022-05-01 11:13:33+00:00
2025-02-03 21:13:15,480 - INFO - Inserting: 835 - 2022-04-29 18:59:05+00:00
2025-02-03 21:13:15,492 - INFO - Inserting: 834 - 2022-04-29 18:57:35+00:00
2025-02-03 21:13:15,494 - INFO - Inserting: 833 - 2022-04-28 05:46:38+00:00
2025-02-03 21:13:15,495 - INFO - Inserting: 832 - 2022-04-28 05:46:38+00:00
2025-02-03 21:13:15,495 - INFO - Inserting: 831 - 2022-04-28 05:46:38+00:00
2025-02-03 21:13:15,495 - INFO - Inserting: 830 - 2022-04-28 05:46:38+00:00
2025-02-03 21:13:15,495 - INFO - Inserting: 829 - 2022-04-24 17:11:09+00:00
2025-02-03 21:13:15,495 - INFO - Inserting: 828 - 2022-04-22 18:55:31+00:00
2025-02-03 21:13:15,495 - INFO - Inserting: 827 - 2022-04-22 17:51:05+00:00
2025-02-03 21:13:15,507 - INFO - Inserting: 826 - 2022-04-22 17:51:05+00:00
2025-02-03 21:13:15,510 - INFO - Inserting: 825 - 2022-04-22 17:51:04+00:00
2025-02-03 21:13:15,511 - INFO - Inserting: 824 - 2022-04-22 17:51:04+00:00
2025-02-03 21:13:15,511 - INFO - Inserting: 823 - 2022-04-22 17:51:04+00:00
2025-02-03 21:13:15,511 - INFO - Inserting: 822 - 2022-04-22 17:51:04+00:00
2025-02-03 21:13:15,511 - INFO - Inserting: 821 - 2022-04-19 17:38:05+00:00
2025-02-03 21:13:15,511 - INFO - Inserting: 820 - 2022-04-15 18:06:19+00:00
2025-02-03 21:13:15,511 - INFO - Inserting: 819 - 2022-04-15 18:06:19+00:00
2025-02-03 21:13:15,511 - INFO - Inserting: 818 - 2022-04-15 18:06:19+00:00
2025-02-03 21:13:15,511 - INFO - Inserting: 817 - 2022-04-14 04:14:11+00:00
2025-02-03 21:13:15,511 - INFO - Inserting: 815 - 2022-04-12 18:01:18+00:00
2025-02-03 21:13:15,526 - INFO - Inserting: 814 - 2022-04-08 17:07:21+00:00
2025-02-03 21:13:15,528 - INFO - Inserting: 813 - 2022-04-08 17:07:21+00:00
2025-02-03 21:13:15,528 - INFO - Inserting: 812 - 2022-04-08 17:07:21+00:00
2025-02-03 21:13:15,528 - INFO - Inserting: 811 - 2022-04-08 17:07:21+00:00
2025-02-03 21:13:15,528 - INFO - Inserting: 810 - 2022-04-07 04:24:11+00:00
2025-02-03 21:13:15,528 - INFO - Inserting: 809 - 2022-04-07 04:24:11+00:00
2025-02-03 21:13:15,528 - INFO - Inserting: 808 - 2022-04-07 04:24:11+00:00
2025-02-03 21:13:15,528 - INFO - Inserting: 807 - 2022-04-07 04:24:11+00:00
2025-02-03 21:13:15,542 - INFO - Inserting: 805 - 2022-04-03 16:15:29+00:00
2025-02-03 21:13:15,543 - INFO - Inserting: 804 - 2022-04-02 06:06:36+00:00
2025-02-03 21:13:15,543 - INFO - Inserting: 802 - 2022-04-01 17:02:54+00:00
2025-02-03 21:13:15,543 - INFO - Inserting: 801 - 2022-04-01 17:02:54+00:00
2025-02-03 21:13:15,543 - INFO - Inserting: 800 - 2022-04-01 17:02:54+00:00
2025-02-03 21:13:15,543 - INFO -  150 records inserted into PostgreSQL database.
